#
# A fatal error has been detected by the Java Runtime Environment:
#
#  Internal Error (javaCalls.cpp:51), pid=5532, tid=0x0000000000004d03
#  guarantee(thread->is_Java_thread()) failed: crucial check - the VM thread cannot and must not escape to Java code
#
# JRE version: Java(TM) SE Runtime Environment (8.0_191-b12) (build 1.8.0_191-b12)
# Java VM: Java HotSpot(TM) 64-Bit Server VM (25.191-b12 mixed mode bsd-amd64 compressed oops)
# Failed to write core dump. Core dumps have been disabled. To enable core dumping, try "ulimit -c unlimited" before starting Java again
#
# If you would like to submit a bug report, please visit:
#   http://bugreport.java.com/bugreport/crash.jsp
#

---------------  T H R E A D  ---------------

Current thread (0x00007f937480a800):  VMThread [stack: 0x00007000080cb000,0x00007000081cb000] [id=19715]

Stack: [0x00007000080cb000,0x00007000081cb000],  sp=0x00007000081c9b30,  free space=1018k
Native frames: (J=compiled Java code, j=interpreted, Vv=VM code, C=native code)
V  [libjvm.dylib+0x5b55da]
V  [libjvm.dylib+0x1e8ec9]
V  [libjvm.dylib+0x2ef0a0]
V  [libjvm.dylib+0x2ef958]
V  [libjvm.dylib+0x2efe8b]
V  [libjvm.dylib+0x243885]
V  [libjvm.dylib+0x243980]
V  [libjvm.dylib+0x243bdf]
V  [libjvm.dylib+0x243bfa]
V  [libjvm.dylib+0x2878cb]
V  [libjvm.dylib+0x28911e]
V  [libjvm.dylib+0x28a530]
V  [libjvm.dylib+0x28a77f]
V  [libjvm.dylib+0x28ad16]
V  [libjvm.dylib+0x28b12f]
V  [libjvm.dylib+0x48506d]
V  [libjvm.dylib+0x485276]
V  [libjvm.dylib+0x4857a9]
V  [libjvm.dylib+0x2c2848]
V  [libjvm.dylib+0x452da9]
V  [libjvm.dylib+0x39ad03]
V  [libjvm.dylib+0x5bd259]
V  [libjvm.dylib+0x5bb7f1]
V  [libjvm.dylib+0x5bbc3e]
V  [libjvm.dylib+0x5bb55d]
V  [libjvm.dylib+0x48e0be]
C  [libsystem_pthread.dylib+0x3305]  _pthread_body+0x7e
C  [libsystem_pthread.dylib+0x626f]  _pthread_start+0x46
C  [libsystem_pthread.dylib+0x2415]  thread_start+0xd

VM_Operation (0x00007000085d6958): GetOrSetLocal, mode: safepoint, requested by thread 0x00007f9373068800


---------------  P R O C E S S  ---------------

Java Threads: ( => current thread )
  0x00007f937502a000 JavaThread "Service Thread" daemon [_thread_blocked, id=22275, stack(0x0000700008bec000,0x0000700008cec000)]
  0x00007f9375055000 JavaThread "C1 CompilerThread3" daemon [_thread_blocked, id=21763, stack(0x0000700008ae9000,0x0000700008be9000)]
  0x00007f937504e000 JavaThread "C2 CompilerThread2" daemon [_thread_blocked, id=16899, stack(0x00007000089e6000,0x0000700008ae6000)]
  0x00007f937504d000 JavaThread "C2 CompilerThread1" daemon [_thread_blocked, id=16387, stack(0x00007000088e3000,0x00007000089e3000)]
  0x00007f9372838800 JavaThread "C2 CompilerThread0" daemon [_thread_blocked, id=17411, stack(0x00007000087e0000,0x00007000088e0000)]
  0x00007f9375002000 JavaThread "JDWP Command Reader" daemon [_thread_in_native, id=17667, stack(0x00007000086dd000,0x00007000087dd000)]
  0x00007f9374811000 JavaThread "JDWP Event Helper Thread" daemon [_thread_blocked, id=15363, stack(0x00007000085da000,0x00007000086da000)]
  0x00007f9373068800 JavaThread "JDWP Transport Listener: dt_socket" daemon [_thread_blocked, id=14855, stack(0x00007000084d7000,0x00007000085d7000)]
  0x00007f9376000000 JavaThread "Signal Dispatcher" daemon [_thread_blocked, id=14339, stack(0x00007000083d4000,0x00007000084d4000)]
  0x00007f9373009000 JavaThread "Finalizer" daemon [_thread_blocked, id=19459, stack(0x00007000082d1000,0x00007000083d1000)]
  0x00007f9372807800 JavaThread "Reference Handler" daemon [_thread_blocked, id=12803, stack(0x00007000081ce000,0x00007000082ce000)]
  0x00007f9373006800 JavaThread "main" [_thread_blocked, id=9987, stack(0x00007000077b0000,0x00007000078b0000)]

Other Threads:
=>0x00007f937480a800 VMThread [stack: 0x00007000080cb000,0x00007000081cb000] [id=19715]
  0x00007f9375003000 WatcherThread [stack: 0x0000700008cef000,0x0000700008def000] [id=22531]

VM state:at safepoint (normal execution)

VM Mutex/Monitor currently owned by a thread:  ([mutex/lock_event])
[0x00007f93727060e0] Threads_lock - owner thread: 0x00007f937480a800

Heap:
 PSYoungGen      total 76288K, used 9191K [0x000000076ab00000, 0x0000000770000000, 0x00000007c0000000)
  eden space 65536K, 14% used [0x000000076ab00000,0x000000076b3f9d58,0x000000076eb00000)
  from space 10752K, 0% used [0x000000076f580000,0x000000076f580000,0x0000000770000000)
  to   space 10752K, 0% used [0x000000076eb00000,0x000000076eb00000,0x000000076f580000)
 ParOldGen       total 175104K, used 0K [0x00000006c0000000, 0x00000006cab00000, 0x000000076ab00000)
  object space 175104K, 0% used [0x00000006c0000000,0x00000006c0000000,0x00000006cab00000)
 Metaspace       used 4992K, capacity 5138K, committed 5248K, reserved 1056768K
  class space    used 512K, capacity 561K, committed 640K, reserved 1048576K

Card table byte_map: [0x000000010eaa8000,0x000000010f2a9000] byte_map_base: 0x000000010b4a8000

Marking Bits: (ParMarkBitMap*) 0x000000010def9e00
 Begin Bits: [0x000000011ea77000, 0x0000000122a77000)
 End Bits:   [0x0000000122a77000, 0x0000000126a77000)

Polling page: 0x000000010c5f3000

CodeCache: size=245760Kb used=1455Kb max_used=1455Kb free=244304Kb
 bounds [0x000000010fa77000, 0x000000010fce7000, 0x000000011ea77000]
 total_blobs=437 nmethods=156 adapters=203
 compilation: enabled

Compilation events (10 events):
Event: 2096.528 Thread 0x00007f9375055000  152       3       org.eclipse.jdt.launching.internal.org.objectweb.asm.Label::put (83 bytes)
Event: 2096.529 Thread 0x00007f9375055000 nmethod 152 0x000000010fbdff90 code [0x000000010fbe0160, 0x000000010fbe05b8]
Event: 2096.529 Thread 0x00007f9375055000  154       3       org.eclipse.jdt.launching.internal.org.objectweb.asm.SymbolTable::addConstantNameAndType (137 bytes)
Event: 2096.529 Thread 0x00007f9375055000 nmethod 154 0x000000010fbe07d0 code [0x000000010fbe0a00, 0x000000010fbe1568]
Event: 2096.530 Thread 0x00007f9375055000  153       3       org.eclipse.jdt.launching.internal.org.objectweb.asm.MethodWriter::putFrameType (83 bytes)
Event: 2096.530 Thread 0x00007f9375055000 nmethod 153 0x000000010fbe1b10 code [0x000000010fbe1d20, 0x000000010fbe2778]
Event: 2096.530 Thread 0x00007f9375055000  155       3       org.eclipse.jdt.launching.internal.org.objectweb.asm.SymbolTable::addConstantClass (8 bytes)
Event: 2096.530 Thread 0x00007f9375055000 nmethod 155 0x000000010fbe2ad0 code [0x000000010fbe2c40, 0x000000010fbe2de8]
Event: 2096.530 Thread 0x00007f9375055000  156       3       org.eclipse.jdt.launching.internal.org.objectweb.asm.ByteVector::put122 (93 bytes)
Event: 2096.531 Thread 0x00007f9375055000 nmethod 156 0x000000010fbe2e90 code [0x000000010fbe3000, 0x000000010fbe32e8]

GC Heap History (0 events):
No events

Deoptimization events (0 events):
No events

Classes redefined (3 events):
Event: 1942.321 Thread 0x00007f937480a800 redefined class name=twenty.test1_1, count=1
Event: 2071.037 Thread 0x00007f937480a800 redefined class name=twenty.test1_1, count=2
Event: 2096.532 Thread 0x00007f937480a800 redefined class name=twenty.test1_1, count=3

Internal exceptions (2 events):
Event: 0.035 Thread 0x00007f9373006800 Exception <a 'java/lang/NoSuchMethodError': Method sun.misc.Unsafe.defineClass(Ljava/lang/String;[BII)Ljava/lang/Class; name or signature does not match> (0x000000076ab07cb0) thrown at [/Users/java_re/workspace/8-2-build-macosx-x86_64/jdk8u191/11896/hotsp
Event: 0.035 Thread 0x00007f9373006800 Exception <a 'java/lang/NoSuchMethodError': Method sun.misc.Unsafe.prefetchRead(Ljava/lang/Object;J)V name or signature does not match> (0x000000076ab07f98) thrown at [/Users/java_re/workspace/8-2-build-macosx-x86_64/jdk8u191/11896/hotspot/src/share/vm/pr

Events (10 events):
Event: 2096.541 Executing VM operation: GetCurrentContendedMonitor done
Event: 2096.541 Executing VM operation: GetOwnedMonitorInfo
Event: 2096.541 Executing VM operation: GetOwnedMonitorInfo done
Event: 2096.541 Executing VM operation: GetCurrentContendedMonitor
Event: 2096.541 Executing VM operation: GetCurrentContendedMonitor done
Event: 2096.541 Executing VM operation: GetCurrentContendedMonitor
Event: 2096.541 Executing VM operation: GetCurrentContendedMonitor done
Event: 2096.541 Executing VM operation: GetOwnedMonitorInfo
Event: 2096.541 Executing VM operation: GetOwnedMonitorInfo done
Event: 2096.656 Executing VM operation: GetOrSetLocal


Dynamic libraries:
0x00007fff46ea4000 	/System/Library/Frameworks/Cocoa.framework/Versions/A/Cocoa
0x00007fff53161000 	/System/Library/Frameworks/Security.framework/Versions/A/Security
0x00007fff45aab000 	/System/Library/Frameworks/ApplicationServices.framework/Versions/A/ApplicationServices
0x00007fff7473e000 	/usr/lib/libz.1.dylib
0x00007fff71db4000 	/usr/lib/libSystem.B.dylib
0x00007fff7385b000 	/usr/lib/libobjc.A.dylib
0x00007fff476c7000 	/System/Library/Frameworks/CoreFoundation.framework/Versions/A/CoreFoundation
0x00007fff49a4c000 	/System/Library/Frameworks/Foundation.framework/Versions/C/Foundation
0x00007fff44c38000 	/System/Library/Frameworks/AppKit.framework/Versions/C/AppKit
0x00007fff4723b000 	/System/Library/Frameworks/CoreData.framework/Versions/A/CoreData
0x00007fff6af83000 	/System/Library/PrivateFrameworks/RemoteViewServices.framework/Versions/A/RemoteViewServices
0x00007fff6fa82000 	/System/Library/PrivateFrameworks/UIFoundation.framework/Versions/A/UIFoundation
0x00007fff7123a000 	/System/Library/PrivateFrameworks/XCTTargetBootstrap.framework/Versions/A/XCTTargetBootstrap
0x00007fff65a8c000 	/System/Library/PrivateFrameworks/IconServices.framework/Versions/A/IconServices
0x00007fff4c315000 	/System/Library/Frameworks/Metal.framework/Versions/A/Metal
0x00007fff5cc8f000 	/System/Library/PrivateFrameworks/DesktopServicesPriv.framework/Versions/A/DesktopServicesPriv
0x00007fff72b6f000 	/usr/lib/libenergytrace.dylib
0x00007fff6d7f3000 	/System/Library/PrivateFrameworks/SkyLight.framework/Versions/A/SkyLight
0x00007fff47b16000 	/System/Library/Frameworks/CoreGraphics.framework/Versions/A/CoreGraphics
0x00007fff439f3000 	/System/Library/Frameworks/Accelerate.framework/Versions/A/Accelerate
0x00007fff4a1d5000 	/System/Library/Frameworks/IOSurface.framework/Versions/A/IOSurface
0x00007fff5caf1000 	/System/Library/PrivateFrameworks/DFRFoundation.framework/Versions/A/DFRFoundation
0x00007fff45fb0000 	/System/Library/Frameworks/AudioToolbox.framework/Versions/A/AudioToolbox
0x00007fff4624f000 	/System/Library/Frameworks/AudioUnit.framework/Versions/A/AudioUnit
0x00007fff5cb88000 	/System/Library/PrivateFrameworks/DataDetectorsCore.framework/Versions/A/DataDetectorsCore
0x00007fff4698e000 	/System/Library/Frameworks/Carbon.framework/Versions/A/Frameworks/HIToolbox.framework/Versions/A/HIToolbox
0x00007fff72cca000 	/usr/lib/libicucore.A.dylib
0x00007fff526b4000 	/System/Library/Frameworks/QuartzCore.framework/Versions/A/QuartzCore
0x00007fff46d75000 	/System/Library/Frameworks/Carbon.framework/Versions/A/Frameworks/SpeechRecognition.framework/Versions/A/SpeechRecognition
0x00007fff71f17000 	/usr/lib/libauto.dylib
0x00007fff74631000 	/usr/lib/libxml2.2.dylib
0x00007fff5c6f0000 	/System/Library/PrivateFrameworks/CoreUI.framework/Versions/A/CoreUI
0x00007fff47119000 	/System/Library/Frameworks/CoreAudio.framework/Versions/A/CoreAudio
0x00007fff4987e000 	/System/Library/Frameworks/DiskArbitration.framework/Versions/A/DiskArbitration
0x00007fff72f7a000 	/usr/lib/liblangid.dylib
0x00007fff66f3b000 	/System/Library/PrivateFrameworks/MultitouchSupport.framework/Versions/A/MultitouchSupport
0x00007fff4a141000 	/System/Library/Frameworks/IOKit.framework/Versions/A/IOKit
0x00007fff71a02000 	/usr/lib/libDiagnosticMessagesClient.dylib
0x00007fff48984000 	/System/Library/Frameworks/CoreServices.framework/Versions/A/CoreServices
0x00007fff68c70000 	/System/Library/PrivateFrameworks/PerformanceAnalysis.framework/Versions/A/PerformanceAnalysis
0x00007fff51849000 	/System/Library/Frameworks/OpenGL.framework/Versions/A/OpenGL
0x00007fff46eb2000 	/System/Library/Frameworks/ColorSync.framework/Versions/A/ColorSync
0x00007fff481a5000 	/System/Library/Frameworks/CoreImage.framework/Versions/A/CoreImage
0x00007fff493c7000 	/System/Library/Frameworks/CoreText.framework/Versions/A/CoreText
0x00007fff4a236000 	/System/Library/Frameworks/ImageIO.framework/Versions/A/ImageIO
0x00007fff58d2f000 	/System/Library/PrivateFrameworks/Backup.framework/Versions/A/Backup
0x00007fff71e6a000 	/usr/lib/libarchive.2.dylib
0x00007fff465b3000 	/System/Library/Frameworks/CFNetwork.framework/Versions/A/CFNetwork
0x00007fff5390c000 	/System/Library/Frameworks/SystemConfiguration.framework/Versions/A/SystemConfiguration
0x00007fff7192b000 	/usr/lib/libCRFSuite.dylib
0x00007fff7200e000 	/usr/lib/libc++.1.dylib
0x00007fff72066000 	/usr/lib/libc++abi.dylib
0x00007fff747c1000 	/usr/lib/system/libcache.dylib
0x00007fff747c6000 	/usr/lib/system/libcommonCrypto.dylib
0x00007fff747d1000 	/usr/lib/system/libcompiler_rt.dylib
0x00007fff747d9000 	/usr/lib/system/libcopyfile.dylib
0x00007fff747e3000 	/usr/lib/system/libcorecrypto.dylib
0x00007fff748ee000 	/usr/lib/system/libdispatch.dylib
0x00007fff74929000 	/usr/lib/system/libdyld.dylib
0x00007fff74959000 	/usr/lib/system/libkeymgr.dylib
0x00007fff74967000 	/usr/lib/system/liblaunch.dylib
0x00007fff74968000 	/usr/lib/system/libmacho.dylib
0x00007fff7496e000 	/usr/lib/system/libquarantine.dylib
0x00007fff74971000 	/usr/lib/system/libremovefile.dylib
0x00007fff74973000 	/usr/lib/system/libsystem_asl.dylib
0x00007fff7498b000 	/usr/lib/system/libsystem_blocks.dylib
0x00007fff7498c000 	/usr/lib/system/libsystem_c.dylib
0x00007fff74a15000 	/usr/lib/system/libsystem_configuration.dylib
0x00007fff74a19000 	/usr/lib/system/libsystem_coreservices.dylib
0x00007fff74a1d000 	/usr/lib/system/libsystem_darwin.dylib
0x00007fff74a24000 	/usr/lib/system/libsystem_dnssd.dylib
0x00007fff74a2b000 	/usr/lib/system/libsystem_info.dylib
0x00007fff74aa1000 	/usr/lib/system/libsystem_m.dylib
0x00007fff74aed000 	/usr/lib/system/libsystem_malloc.dylib
0x00007fff74b12000 	/usr/lib/system/libsystem_networkextension.dylib
0x00007fff74b1e000 	/usr/lib/system/libsystem_notify.dylib
0x00007fff74b3b000 	/usr/lib/system/libsystem_sandbox.dylib
0x00007fff74b3f000 	/usr/lib/system/libsystem_secinit.dylib
0x00007fff74a78000 	/usr/lib/system/libsystem_kernel.dylib
0x00007fff74b26000 	/usr/lib/system/libsystem_platform.dylib
0x00007fff74b30000 	/usr/lib/system/libsystem_pthread.dylib
0x00007fff74b42000 	/usr/lib/system/libsystem_symptoms.dylib
0x00007fff74b4a000 	/usr/lib/system/libsystem_trace.dylib
0x00007fff74b61000 	/usr/lib/system/libunwind.dylib
0x00007fff74b67000 	/usr/lib/system/libxpc.dylib
0x00007fff71fee000 	/usr/lib/libbsm.0.dylib
0x00007fff7495a000 	/usr/lib/system/libkxld.dylib
0x00007fff57fdc000 	/System/Library/PrivateFrameworks/AppleFSCompression.framework/Versions/A/AppleFSCompression
0x00007fff71c73000 	/usr/lib/libOpenScriptingUtil.dylib
0x00007fff72351000 	/usr/lib/libcoretls.dylib
0x00007fff72368000 	/usr/lib/libcoretls_cfhelpers.dylib
0x00007fff73ff4000 	/usr/lib/libpam.2.dylib
0x00007fff741b7000 	/usr/lib/libsqlite3.dylib
0x00007fff7461f000 	/usr/lib/libxar.1.dylib
0x00007fff71fff000 	/usr/lib/libbz2.1.0.dylib
0x00007fff72f7c000 	/usr/lib/liblzma.5.dylib
0x00007fff73472000 	/usr/lib/libnetwork.dylib
0x00007fff71e53000 	/usr/lib/libapple_nghttp2.dylib
0x00007fff73ffb000 	/usr/lib/libpcap.A.dylib
0x00007fff48d28000 	/System/Library/Frameworks/CoreServices.framework/Versions/A/Frameworks/FSEvents.framework/Versions/A/FSEvents
0x00007fff48a04000 	/System/Library/Frameworks/CoreServices.framework/Versions/A/Frameworks/CarbonCore.framework/Versions/A/CarbonCore
0x00007fff48efd000 	/System/Library/Frameworks/CoreServices.framework/Versions/A/Frameworks/Metadata.framework/Versions/A/Metadata
0x00007fff48fa0000 	/System/Library/Frameworks/CoreServices.framework/Versions/A/Frameworks/OSServices.framework/Versions/A/OSServices
0x00007fff48fec000 	/System/Library/Frameworks/CoreServices.framework/Versions/A/Frameworks/SearchKit.framework/Versions/A/SearchKit
0x00007fff48985000 	/System/Library/Frameworks/CoreServices.framework/Versions/A/Frameworks/AE.framework/Versions/A/AE
0x00007fff48d31000 	/System/Library/Frameworks/CoreServices.framework/Versions/A/Frameworks/LaunchServices.framework/Versions/A/LaunchServices
0x00007fff48cdd000 	/System/Library/Frameworks/CoreServices.framework/Versions/A/Frameworks/DictionaryServices.framework/Versions/A/DictionaryServices
0x00007fff4905b000 	/System/Library/Frameworks/CoreServices.framework/Versions/A/Frameworks/SharedFileList.framework/Versions/A/SharedFileList
0x00007fff4d7da000 	/System/Library/Frameworks/NetFS.framework/Versions/A/NetFS
0x00007fff671d8000 	/System/Library/PrivateFrameworks/NetAuth.framework/Versions/A/NetAuth
0x00007fff7166e000 	/System/Library/PrivateFrameworks/login.framework/Versions/A/Frameworks/loginsupport.framework/Versions/A/loginsupport
0x00007fff6f67a000 	/System/Library/PrivateFrameworks/TCC.framework/Versions/A/TCC
0x00007fff5bcfa000 	/System/Library/PrivateFrameworks/CoreNLP.framework/Versions/A/CoreNLP
0x00007fff66c2c000 	/System/Library/PrivateFrameworks/MetadataUtilities.framework/Versions/A/MetadataUtilities
0x00007fff7305d000 	/usr/lib/libmecabra.dylib
0x00007fff45aac000 	/System/Library/Frameworks/ApplicationServices.framework/Versions/A/Frameworks/ATS.framework/Versions/A/ATS
0x00007fff45e17000 	/System/Library/Frameworks/ApplicationServices.framework/Versions/A/Frameworks/ColorSyncLegacy.framework/Versions/A/ColorSyncLegacy
0x00007fff45eb8000 	/System/Library/Frameworks/ApplicationServices.framework/Versions/A/Frameworks/HIServices.framework/Versions/A/HIServices
0x00007fff45f0b000 	/System/Library/Frameworks/ApplicationServices.framework/Versions/A/Frameworks/LangAnalysis.framework/Versions/A/LangAnalysis
0x00007fff45f1a000 	/System/Library/Frameworks/ApplicationServices.framework/Versions/A/Frameworks/PrintCore.framework/Versions/A/PrintCore
0x00007fff45f67000 	/System/Library/Frameworks/ApplicationServices.framework/Versions/A/Frameworks/QD.framework/Versions/A/QD
0x00007fff45fa3000 	/System/Library/Frameworks/ApplicationServices.framework/Versions/A/Frameworks/SpeechSynthesis.framework/Versions/A/SpeechSynthesis
0x00007fff7208e000 	/usr/lib/libcompression.dylib
0x00007fff475dd000 	/System/Library/Frameworks/CoreDisplay.framework/Versions/A/CoreDisplay
0x00007fff4c5dd000 	/System/Library/Frameworks/MetalPerformanceShaders.framework/Versions/A/MetalPerformanceShaders
0x00007fff43a0b000 	/System/Library/Frameworks/Accelerate.framework/Versions/A/Frameworks/vImage.framework/Versions/A/vImage
0x00007fff44a87000 	/System/Library/Frameworks/Accelerate.framework/Versions/A/Frameworks/vecLib.framework/Versions/A/vecLib
0x00007fff449d1000 	/System/Library/Frameworks/Accelerate.framework/Versions/A/Frameworks/vecLib.framework/Versions/A/libvMisc.dylib
0x00007fff447ec000 	/System/Library/Frameworks/Accelerate.framework/Versions/A/Frameworks/vecLib.framework/Versions/A/libvDSP.dylib
0x00007fff440ac000 	/System/Library/Frameworks/Accelerate.framework/Versions/A/Frameworks/vecLib.framework/Versions/A/libBLAS.dylib
0x00007fff44397000 	/System/Library/Frameworks/Accelerate.framework/Versions/A/Frameworks/vecLib.framework/Versions/A/libLAPACK.dylib
0x00007fff4473e000 	/System/Library/Frameworks/Accelerate.framework/Versions/A/Frameworks/vecLib.framework/Versions/A/libLinearAlgebra.dylib
0x00007fff447d8000 	/System/Library/Frameworks/Accelerate.framework/Versions/A/Frameworks/vecLib.framework/Versions/A/libSparseBLAS.dylib
0x00007fff44754000 	/System/Library/Frameworks/Accelerate.framework/Versions/A/Frameworks/vecLib.framework/Versions/A/libQuadrature.dylib
0x00007fff44324000 	/System/Library/Frameworks/Accelerate.framework/Versions/A/Frameworks/vecLib.framework/Versions/A/libBNNS.dylib
0x00007fff4475a000 	/System/Library/Frameworks/Accelerate.framework/Versions/A/Frameworks/vecLib.framework/Versions/A/libSparse.dylib
0x00007fff6321f000 	/System/Library/PrivateFrameworks/GPUWrangler.framework/Versions/A/GPUWrangler
0x00007fff65653000 	/System/Library/PrivateFrameworks/IOAccelerator.framework/Versions/A/IOAccelerator
0x00007fff6565e000 	/System/Library/PrivateFrameworks/IOPresentment.framework/Versions/A/IOPresentment
0x00007fff5cb01000 	/System/Library/PrivateFrameworks/DSExternalDisplay.framework/Versions/A/DSExternalDisplay
0x00007fff50c8e000 	/System/Library/Frameworks/OpenGL.framework/Versions/A/Libraries/libCoreFSCache.dylib
0x00007fff4c3c5000 	/System/Library/Frameworks/MetalPerformanceShaders.framework/Frameworks/MPSCore.framework/Versions/A/MPSCore
0x00007fff4c3e6000 	/System/Library/Frameworks/MetalPerformanceShaders.framework/Frameworks/MPSImage.framework/Versions/A/MPSImage
0x00007fff4c48e000 	/System/Library/Frameworks/MetalPerformanceShaders.framework/Frameworks/MPSNeuralNetwork.framework/Versions/A/MPSNeuralNetwork
0x00007fff4c465000 	/System/Library/Frameworks/MetalPerformanceShaders.framework/Frameworks/MPSMatrix.framework/Versions/A/MPSMatrix
0x00007fff4c5c1000 	/System/Library/Frameworks/MetalPerformanceShaders.framework/Frameworks/MPSRayIntersector.framework/Versions/A/MPSRayIntersector
0x00007fff66c55000 	/System/Library/PrivateFrameworks/MetalTools.framework/Versions/A/MetalTools
0x00007fff576d6000 	/System/Library/PrivateFrameworks/AggregateDictionary.framework/Versions/A/AggregateDictionary
0x00007fff71c53000 	/usr/lib/libMobileGestalt.dylib
0x00007fff4952d000 	/System/Library/Frameworks/CoreVideo.framework/Versions/A/CoreVideo
0x00007fff6408e000 	/System/Library/PrivateFrameworks/GraphVisualizer.framework/Versions/A/GraphVisualizer
0x00007fff5de2a000 	/System/Library/PrivateFrameworks/FaceCore.framework/Versions/A/FaceCore
0x00007fff502a6000 	/System/Library/Frameworks/OpenCL.framework/Versions/A/OpenCL
0x00007fff71a3a000 	/usr/lib/libFosl_dynamic.dylib
0x00007fff67aaf000 	/System/Library/PrivateFrameworks/OTSVG.framework/Versions/A/OTSVG
0x00007fff45bb0000 	/System/Library/Frameworks/ApplicationServices.framework/Versions/A/Frameworks/ATS.framework/Versions/A/Resources/libFontParser.dylib
0x00007fff45cd0000 	/System/Library/Frameworks/ApplicationServices.framework/Versions/A/Frameworks/ATS.framework/Versions/A/Resources/libFontRegistry.dylib
0x00007fff4a4c0000 	/System/Library/Frameworks/ImageIO.framework/Versions/A/Resources/libJPEG.dylib
0x00007fff4a7e2000 	/System/Library/Frameworks/ImageIO.framework/Versions/A/Resources/libTIFF.dylib
0x00007fff4a7b8000 	/System/Library/Frameworks/ImageIO.framework/Versions/A/Resources/libPng.dylib
0x00007fff4a3d5000 	/System/Library/Frameworks/ImageIO.framework/Versions/A/Resources/libGIF.dylib
0x00007fff4a3da000 	/System/Library/Frameworks/ImageIO.framework/Versions/A/Resources/libJP2.dylib
0x00007fff4a7df000 	/System/Library/Frameworks/ImageIO.framework/Versions/A/Resources/libRadiance.dylib
0x00007fff58135000 	/System/Library/PrivateFrameworks/AppleJPEG.framework/Versions/A/AppleJPEG
0x00007fff50c99000 	/System/Library/Frameworks/OpenGL.framework/Versions/A/Libraries/libGFXShared.dylib
0x00007fff50e5c000 	/System/Library/Frameworks/OpenGL.framework/Versions/A/Libraries/libGLU.dylib
0x00007fff50ca2000 	/System/Library/Frameworks/OpenGL.framework/Versions/A/Libraries/libGL.dylib
0x00007fff50cae000 	/System/Library/Frameworks/OpenGL.framework/Versions/A/Libraries/libGLImage.dylib
0x00007fff50c8b000 	/System/Library/Frameworks/OpenGL.framework/Versions/A/Libraries/libCVMSPluginSupport.dylib
0x00007fff50c94000 	/System/Library/Frameworks/OpenGL.framework/Versions/A/Libraries/libCoreVMClient.dylib
0x00007fff729e0000 	/usr/lib/libcups.2.dylib
0x00007fff4b8da000 	/System/Library/Frameworks/Kerberos.framework/Versions/A/Kerberos
0x00007fff49e8b000 	/System/Library/Frameworks/GSS.framework/Versions/A/GSS
0x00007fff7414b000 	/usr/lib/libresolv.9.dylib
0x00007fff72bd8000 	/usr/lib/libiconv.2.dylib
0x00007fff641ee000 	/System/Library/PrivateFrameworks/Heimdal.framework/Versions/A/Heimdal
0x00007fff72ba7000 	/usr/lib/libheimdal-asn1.dylib
0x00007fff5031c000 	/System/Library/Frameworks/OpenDirectory.framework/Versions/A/OpenDirectory
0x00007fff5a9f7000 	/System/Library/PrivateFrameworks/CommonAuth.framework/Versions/A/CommonAuth
0x00007fff502ff000 	/System/Library/Frameworks/OpenDirectory.framework/Versions/A/Frameworks/CFOpenDirectory.framework/Versions/A/CFOpenDirectory
0x00007fff5348a000 	/System/Library/Frameworks/SecurityFoundation.framework/Versions/A/SecurityFoundation
0x00007fff56be7000 	/System/Library/PrivateFrameworks/APFS.framework/Versions/A/APFS
0x00007fff7461b000 	/usr/lib/libutil.dylib
0x00007fff7207c000 	/usr/lib/libcharset.1.dylib
0x00007fff583d1000 	/System/Library/PrivateFrameworks/AppleSauce.framework/Versions/A/AppleSauce
0x00007fff5855f000 	/System/Library/PrivateFrameworks/AssertionServices.framework/Versions/A/AssertionServices
0x00007fff58dd2000 	/System/Library/PrivateFrameworks/BaseBoard.framework/Versions/A/BaseBoard
0x00007fff72fac000 	/usr/lib/libmecab.1.0.0.dylib
0x00007fff72ba1000 	/usr/lib/libgermantok.dylib
0x00007fff71e3f000 	/usr/lib/libThaiTokenizer.dylib
0x00007fff71966000 	/usr/lib/libChineseTokenizer.dylib
0x00007fff65d89000 	/System/Library/PrivateFrameworks/LanguageModeling.framework/Versions/A/LanguageModeling
0x00007fff5b710000 	/System/Library/PrivateFrameworks/CoreEmoji.framework/Versions/A/CoreEmoji
0x00007fff65e81000 	/System/Library/PrivateFrameworks/Lexicon.framework/Versions/A/Lexicon
0x00007fff65ec9000 	/System/Library/PrivateFrameworks/LinguisticData.framework/Versions/A/LinguisticData
0x00007fff7207d000 	/usr/lib/libcmph.dylib
0x00007fff5354b000 	/System/Library/Frameworks/ServiceManagement.framework/Versions/A/ServiceManagement
0x00007fff58d25000 	/System/Library/PrivateFrameworks/BackgroundTaskManagement.framework/Versions/A/BackgroundTaskManagement
0x00007fff74715000 	/usr/lib/libxslt.1.dylib
0x00007fff46ca0000 	/System/Library/Frameworks/Carbon.framework/Versions/A/Frameworks/Ink.framework/Versions/A/Ink
0x00007fff6f8fa000 	/System/Library/PrivateFrameworks/TextureIO.framework/Versions/A/TextureIO
0x00007fff71e94000 	/usr/lib/libate.dylib
0x00007fff5ca5d000 	/System/Library/PrivateFrameworks/CrashReporterSupport.framework/Versions/A/CrashReporterSupport
0x00007fff6c91b000 	/System/Library/PrivateFrameworks/Sharing.framework/Versions/A/Sharing
0x00007fff588b1000 	/System/Library/PrivateFrameworks/AuthKit.framework/Versions/A/AuthKit
0x00007fff57cd4000 	/System/Library/PrivateFrameworks/Apple80211.framework/Versions/A/Apple80211
0x00007fff5c81d000 	/System/Library/PrivateFrameworks/CoreUtils.framework/Versions/A/CoreUtils
0x00007fff4956b000 	/System/Library/Frameworks/CoreWLAN.framework/Versions/A/CoreWLAN
0x00007fff49fd5000 	/System/Library/Frameworks/IOBluetooth.framework/Versions/A/IOBluetooth
0x00007fff6ac3e000 	/System/Library/PrivateFrameworks/ProtocolBuffer.framework/Versions/A/ProtocolBuffer
0x00007fff66e92000 	/System/Library/PrivateFrameworks/MobileKeyBag.framework/Versions/A/MobileKeyBag
0x00007fff5c035000 	/System/Library/PrivateFrameworks/CorePhoneNumbers.framework/Versions/A/CorePhoneNumbers
0x00007fff580e9000 	/System/Library/PrivateFrameworks/AppleIDAuthSupport.framework/Versions/A/AppleIDAuthSupport
0x00007fff65d5b000 	/System/Library/PrivateFrameworks/KeychainCircle.framework/Versions/A/KeychainCircle
0x00007fff6ae0b000 	/System/Library/PrivateFrameworks/ROCKit.framework/Versions/A/ROCKit
0x00007fff5c9f9000 	/System/Library/PrivateFrameworks/CoreWiFi.framework/Versions/A/CoreWiFi
0x00007fff4720f000 	/System/Library/Frameworks/CoreBluetooth.framework/Versions/A/CoreBluetooth
0x00007fff5cc4d000 	/System/Library/PrivateFrameworks/DebugSymbols.framework/Versions/A/DebugSymbols
0x00007fff5c5d2000 	/System/Library/PrivateFrameworks/CoreSymbolication.framework/Versions/A/CoreSymbolication
0x00007fff6f0e4000 	/System/Library/PrivateFrameworks/Symbolication.framework/Versions/A/Symbolication
0x00007fff6e276000 	/System/Library/PrivateFrameworks/SpeechRecognitionCore.framework/Versions/A/SpeechRecognitionCore
0x000000010d600000 	/Library/Java/JavaVirtualMachines/jdk1.8.0_191.jdk/Contents/Home/jre/lib/server/libjvm.dylib
0x00007fff744df000 	/usr/lib/libstdc++.6.dylib
0x000000010e5b4000 	/Library/Java/JavaVirtualMachines/jdk1.8.0_191.jdk/Contents/Home/jre/lib/libverify.dylib
0x000000010e5c2000 	/Library/Java/JavaVirtualMachines/jdk1.8.0_191.jdk/Contents/Home/jre/lib/libjava.dylib
0x000000010e5f8000 	/Library/Java/JavaVirtualMachines/jdk1.8.0_191.jdk/Contents/Home/jre/lib/libjdwp.dylib
0x000000010c5f4000 	/Library/Java/JavaVirtualMachines/jdk1.8.0_191.jdk/Contents/Home/jre/lib/libnpt.dylib
0x000000010e643000 	/Library/Java/JavaVirtualMachines/jdk1.8.0_191.jdk/Contents/Home/jre/lib/libinstrument.dylib
0x000000010e6df000 	/Library/Java/JavaVirtualMachines/jdk1.8.0_191.jdk/Contents/Home/jre/lib/libzip.dylib
0x0000000129863000 	/Library/Java/JavaVirtualMachines/jdk1.8.0_191.jdk/Contents/Home/jre/lib/libdt_socket.dylib

VM Arguments:
jvm_args: -agentlib:jdwp=transport=dt_socket,suspend=y,address=localhost:53892 -javaagent:/Applications/Eclipse.app/Contents/Eclipse/configuration/org.eclipse.osgi/231/0/.cp/lib/javaagent-shaded.jar -Dfile.encoding=UTF-8 
java_command: twenty.test1_1
java_class_path (initial): /Users/ertorres/github/advent-of-code/2018/aocjava/bin:/Applications/Eclipse.app/Contents/Eclipse/configuration/org.eclipse.osgi/231/0/.cp/lib/javaagent-shaded.jar
Launcher Type: SUN_STANDARD

Environment Variables:
PATH=/usr/bin:/bin:/usr/sbin:/sbin
SHELL=/bin/bash

Signal Handlers:
SIGSEGV: [libjvm.dylib+0x5b5de9], sa_mask[0]=11111111011111110111111111111111, sa_flags=SA_ONSTACK|SA_RESTART|SA_SIGINFO
SIGBUS: [libjvm.dylib+0x5b5de9], sa_mask[0]=11111111011111110111111111111111, sa_flags=SA_RESTART|SA_SIGINFO
SIGFPE: [libjvm.dylib+0x48b6b0], sa_mask[0]=11111111011111110111111111111111, sa_flags=SA_RESTART|SA_SIGINFO
SIGPIPE: [libjvm.dylib+0x48b6b0], sa_mask[0]=11111111011111110111111111111111, sa_flags=SA_RESTART|SA_SIGINFO
SIGXFSZ: [libjvm.dylib+0x48b6b0], sa_mask[0]=11111111011111110111111111111111, sa_flags=SA_RESTART|SA_SIGINFO
SIGILL: [libjvm.dylib+0x48b6b0], sa_mask[0]=11111111011111110111111111111111, sa_flags=SA_RESTART|SA_SIGINFO
SIGUSR1: SIG_DFL, sa_mask[0]=00000000000000000000000000000000, sa_flags=none
SIGUSR2: [libjvm.dylib+0x48b1ce], sa_mask[0]=00100000000000000000000000000000, sa_flags=SA_RESTART|SA_SIGINFO
SIGHUP: [libjvm.dylib+0x489759], sa_mask[0]=11111111011111110111111111111111, sa_flags=SA_RESTART|SA_SIGINFO
SIGINT: [libjvm.dylib+0x489759], sa_mask[0]=11111111011111110111111111111111, sa_flags=SA_RESTART|SA_SIGINFO
SIGTERM: [libjvm.dylib+0x489759], sa_mask[0]=11111111011111110111111111111111, sa_flags=SA_RESTART|SA_SIGINFO
SIGQUIT: [libjvm.dylib+0x489759], sa_mask[0]=11111111011111110111111111111111, sa_flags=SA_RESTART|SA_SIGINFO


---------------  S Y S T E M  ---------------

OS:Bsduname:Darwin 18.2.0 Darwin Kernel Version 18.2.0: Mon Nov 12 20:24:46 PST 2018; root:xnu-4903.231.4~2/RELEASE_X86_64 x86_64
rlimit: STACK 8192k, CORE 0k, NPROC 1418, NOFILE 10240, AS infinity
load average:0.85 0.80 0.82

CPU:total 8 (initial active 8) (4 cores per cpu, 2 threads per core) family 6 model 158 stepping 9, cmov, cx8, fxsr, mmx, sse, sse2, sse3, ssse3, sse4.1, sse4.2, popcnt, avx, avx2, aes, clmul, erms, 3dnowpref, lzcnt, ht, tsc, tscinvbit, bmi1, bmi2, adx

Memory: 4k page, physical 16777216k(3615704k free)

/proc/meminfo:


vm_info: Java HotSpot(TM) 64-Bit Server VM (25.191-b12) for bsd-amd64 JRE (1.8.0_191-b12), built on Oct  6 2018 08:37:07 by "java_re" with gcc 4.2.1 (Based on Apple Inc. build 5658) (LLVM build 2336.11.00)

time: Tue Jan  8 16:46:27 2019
elapsed time: 2096 seconds (0d 0h 34m 56s)

